<!DOCTYPE html PUBLIC "-//W3C//DTD XHTML 1.1//EN" "https://www.w3.org/TR/xhtml11/DTD/xhtml11.dtd">
<html xmlns="https://www.w3.org/1999/xhtml">
<head>
<meta http-equiv="content-type" content="text/html; charset=UTF-8"/>
<title>TestNG Report</title>
<style type="text/css">table {margin-bottom:10px;border-collapse:collapse;empty-cells:show}th,td {border:1px solid #009;padding:.25em .5em}th {vertical-align:bottom}td {vertical-align:top}table a {font-weight:bold}.stripe td {background-color: #E6EBF9}.num {text-align:right}.passedodd td {background-color: #3F3}.passedeven td {background-color: #0A0}.skippedodd td {background-color: #DDD}.skippedeven td {background-color: #CCC}.failedodd td,.attn {background-color: #F33}.failedeven td,.stripe .attn {background-color: #D00}.stacktrace {white-space:pre;font-family:monospace}.totop {font-size:85%;text-align:center;border-bottom:2px solid #000}.invisible {display:none}</style>
</head>
<body>
<table>
<tr><th>Test</th><th># Passed</th><th># Skipped</th><th># Retried</th><th># Failed</th><th>Time (ms)</th><th>Included Groups</th><th>Excluded Groups</th></tr>
<tr><th colspan="8">Suite</th></tr>
<tr><td><a href="#t0">Test</a></td><td class="num">1</td><td class="num">0</td><td class="num">0</td><td class="num attn">1</td><td class="num">43,493</td><td></td><td></td></tr>
<tr class="stripe"><td><a href="#t1">Test1</a></td><td class="num">1</td><td class="num">0</td><td class="num">0</td><td class="num attn">1</td><td class="num">80,762</td><td></td><td></td></tr>
<tr><th>Total</th><th class="num">2</th><th class="num">0</th><th class="num">0</th><th class="num attn">2</th><th class="num">124,255</th><th colspan="2"></th></tr>
</table>
<table id='summary'><thead><tr><th>Class</th><th>Method</th><th>Start</th><th>Time (ms)</th></tr></thead><tbody><tr><th colspan="4">Suite</th></tr></tbody><tbody id="t0"><tr><th colspan="4">Test &#8212; failed</th></tr><tr class="failedeven"><td rowspan="1">com.test.automation.UiTest.RegistrationTest</td><td><a href="#m0">Checkout</a></td><td rowspan="1">1595429182271</td><td rowspan="1">16</td></tr><tr><th colspan="4">Test &#8212; passed</th></tr><tr class="passedeven"><td rowspan="1">com.test.automation.UiTest.RegistrationTest</td><td><a href="#m1">CustomerRegistration</a></td><td rowspan="1">1595429164796</td><td rowspan="1">17023</td></tr></tbody>
<tbody id="t1"><tr><th colspan="4">Test1 &#8212; failed</th></tr><tr class="failedeven"><td rowspan="1">com.test.automation.UiTest.RegistrationTest</td><td><a href="#m2">Checkout</a></td><td rowspan="1">1595429219948</td><td rowspan="1">45830</td></tr><tr><th colspan="4">Test1 &#8212; passed</th></tr><tr class="passedeven"><td rowspan="1">com.test.automation.UiTest.RegistrationTest</td><td><a href="#m3">CustomerRegistration</a></td><td rowspan="1">1595429207612</td><td rowspan="1">12040</td></tr></tbody>
</table>
<h2>Test</h2><h3 id="m0">com.test.automation.UiTest.RegistrationTest#Checkout</h3><table class="result"><tr class="param"><th>Parameter #1</th><th>Parameter #2</th><th>Parameter #3</th><th>Parameter #4</th><th>Parameter #5</th><th>Parameter #6</th><th>Parameter #7</th></tr><tr class="param stripe"><td>Puja</td><td>Jha</td><td>901 Warrenville Road,</td><td>Lisle</td><td>Alaska</td><td>60532.0</td><td>8.266070523E9</td></tr><tr><th colspan="7">Exception</th></tr><tr><td colspan="7"><div class="stacktrace">org.openqa.selenium.NoSuchElementException: no such element: Unable to locate element: {&quot;method&quot;:&quot;xpath&quot;,&quot;selector&quot;:&quot;//span[contains(text(),&apos;Account&apos;) and @class=&apos;label&apos;]&quot;}
  (Session info: chrome=84.0.4147.89)
For documentation on this error, please visit: https://www.seleniumhq.org/exceptions/no_such_element.html
Build info: version: &apos;3.141.59&apos;, revision: &apos;e82be7d358&apos;, time: &apos;2018-11-14T08:17:03&apos;
System info: host: &apos;VAIO&apos;, ip: &apos;192.168.99.1&apos;, os.name: &apos;Windows 8.1&apos;, os.arch: &apos;amd64&apos;, os.version: &apos;6.3&apos;, java.version: &apos;1.8.0_251&apos;
Driver info: org.openqa.selenium.chrome.ChromeDriver
Capabilities {acceptInsecureCerts: false, browserName: chrome, browserVersion: 84.0.4147.89, chrome: {chromedriverVersion: 83.0.4103.39 (ccbf011cb2d2b..., userDataDir: C:\WINDOWS\TEMP\scoped_dir1...}, goog:chromeOptions: {debuggerAddress: localhost:54602}, javascriptEnabled: true, networkConnectionEnabled: false, pageLoadStrategy: normal, platform: WINDOWS, platformName: WINDOWS, proxy: Proxy(), setWindowRect: true, strictFileInteractability: false, timeouts: {implicit: 0, pageLoad: 300000, script: 30000}, unhandledPromptBehavior: dismiss and notify, webauthn:virtualAuthenticators: true}
Session ID: 139101f84974b6d993f24038ec8d68f1
*** Element info: {Using=xpath, value=//span[contains(text(),&apos;Account&apos;) and @class=&apos;label&apos;]}
	at org.openqa.selenium.remote.http.W3CHttpResponseCodec.createException(W3CHttpResponseCodec.java:187)
	at org.openqa.selenium.remote.http.W3CHttpResponseCodec.decode(W3CHttpResponseCodec.java:122)
	at org.openqa.selenium.remote.http.W3CHttpResponseCodec.decode(W3CHttpResponseCodec.java:49)
	at org.openqa.selenium.remote.HttpCommandExecutor.execute(HttpCommandExecutor.java:158)
	at org.openqa.selenium.remote.service.DriverCommandExecutor.execute(DriverCommandExecutor.java:83)
	at org.openqa.selenium.remote.RemoteWebDriver.execute(RemoteWebDriver.java:552)
	at org.openqa.selenium.remote.RemoteWebDriver.findElement(RemoteWebDriver.java:323)
	at org.openqa.selenium.remote.RemoteWebDriver.findElementByXPath(RemoteWebDriver.java:428)
	at org.openqa.selenium.By$ByXPath.findElement(By.java:353)
	at org.openqa.selenium.remote.RemoteWebDriver.findElement(RemoteWebDriver.java:315)
	at org.openqa.selenium.support.pagefactory.DefaultElementLocator.findElement(DefaultElementLocator.java:69)
	at org.openqa.selenium.support.pagefactory.internal.LocatingElementHandler.invoke(LocatingElementHandler.java:38)
	at com.sun.proxy.$Proxy13.click(Unknown Source)
	at com.test.automation.uiAutomation.Pages.HomePage.LogInLink(HomePage.java:56)
	at com.test.automation.UiTest.RegistrationTest.Checkout(RegistrationTest.java:105)
	at java.util.ArrayList.forEach(ArrayList.java:1257)
... Removed 31 stack frames</div></td></tr></table><p class="totop"><a href="#summary">back to summary</a></p>
<h3 id="m1">com.test.automation.UiTest.RegistrationTest#CustomerRegistration</h3><table class="result"><tr class="param"><th>Parameter #1</th><th>Parameter #2</th><th>Parameter #3</th><th>Parameter #4</th></tr><tr class="param stripe"><td>Puja</td><td>Kumari </td><td>Jha</td><td>Test0001</td></tr><tr><th colspan="4">Messages</th></tr><tr><td colspan="4"><div class="messages"><a href='E:\git\LiveDemo\resources\screenshot\Home_Page_verification_22_07_2020_08_16_04.png'> <img src='E:\git\LiveDemo\resources\screenshot\Home_Page_verification_22_07_2020_08_16_04.png' height='100' width='100'/> </a><br/><a href='E:\git\LiveDemo\resources\screenshot\Registration_Completeion_22_07_2020_08_16_10.png'> <img src='E:\git\LiveDemo\resources\screenshot\Registration_Completeion_22_07_2020_08_16_10.png' height='100' width='100'/> </a><br/><a href='E:\git\LiveDemo\resources\screenshot\Registration_Completeion_message_22_07_2020_08_16_11.png'> <img src='E:\git\LiveDemo\resources\screenshot\Registration_Completeion_message_22_07_2020_08_16_11.png' height='100' width='100'/> </a></div></td></tr></table><p class="totop"><a href="#summary">back to summary</a></p>
<h2>Test1</h2><h3 id="m2">com.test.automation.UiTest.RegistrationTest#Checkout</h3><table class="result"><tr class="param"><th>Parameter #1</th><th>Parameter #2</th><th>Parameter #3</th><th>Parameter #4</th><th>Parameter #5</th><th>Parameter #6</th><th>Parameter #7</th></tr><tr class="param stripe"><td>Puja</td><td>Jha</td><td>901 Warrenville Road,</td><td>Lisle</td><td>Alaska</td><td>60532.0</td><td>8.266070523E9</td></tr><tr><th colspan="7">Messages</th></tr><tr><td colspan="7"><div class="messages"><a href='E:\git\LiveDemo\resources\screenshot\Landed to Login Page_22_07_2020_08_17_03.png'> <img src='E:\git\LiveDemo\resources\screenshot\Landed to Login Page_22_07_2020_08_17_03.png' height='100' width='100'/> </a><br/><a href='E:\git\LiveDemo\resources\screenshot\Login with valid Credential _22_07_2020_08_17_03.png'> <img src='E:\git\LiveDemo\resources\screenshot\Login with valid Credential _22_07_2020_08_17_03.png' height='100' width='100'/> </a><br/><a href='E:\git\LiveDemo\resources\screenshot\Reached to Mobile page _22_07_2020_08_17_06.png'> <img src='E:\git\LiveDemo\resources\screenshot\Reached to Mobile page _22_07_2020_08_17_06.png' height='100' width='100'/> </a><br/><a href='E:\git\LiveDemo\resources\screenshot\Added First mobile product in cart _22_07_2020_08_17_10.png'> <img src='E:\git\LiveDemo\resources\screenshot\Added First mobile product in cart _22_07_2020_08_17_10.png' height='100' width='100'/> </a><br/><a href='E:\git\LiveDemo\resources\screenshot\Proceeded to Checkout _22_07_2020_08_17_14.png'> <img src='E:\git\LiveDemo\resources\screenshot\Proceeded to Checkout _22_07_2020_08_17_14.png' height='100' width='100'/> </a><br/><a href='E:\git\LiveDemo\resources\screenshot\Selected Checkout Type default as a guest_22_07_2020_08_17_15.png'> <img src='E:\git\LiveDemo\resources\screenshot\Selected Checkout Type default as a guest_22_07_2020_08_17_15.png' height='100' width='100'/> </a><br/><a href='E:\git\LiveDemo\resources\screenshot\Entered shipping address details_22_07_2020_08_17_15.png'> <img src='E:\git\LiveDemo\resources\screenshot\Entered shipping address details_22_07_2020_08_17_15.png' height='100' width='100'/> </a></div></td></tr><tr><th colspan="7">Exception</th></tr><tr><td colspan="7"><div class="stacktrace">org.openqa.selenium.TimeoutException: Expected condition failed: waiting for visibility of Proxy element for: DefaultElementLocator &apos;By.xpath: //label[contains(text(),&apos;Check / Money order &apos;)]&apos; (tried for 30 second(s) with 500 milliseconds interval)
	at org.openqa.selenium.support.ui.WebDriverWait.timeoutException(WebDriverWait.java:95)
	at org.openqa.selenium.support.ui.FluentWait.until(FluentWait.java:272)
	at com.test.automation.Generic.Base.TestBase.waitForElement(TestBase.java:232)
	at com.test.automation.uiAutomation.Pages.CheckoutPage.PaymentInfo(CheckoutPage.java:93)
	at com.test.automation.UiTest.RegistrationTest.Checkout(RegistrationTest.java:135)
	at java.util.ArrayList.forEach(ArrayList.java:1257)
Caused by: org.openqa.selenium.NoSuchElementException: Unable to locate element: //label[contains(text(),&apos;Check / Money order &apos;)]
For documentation on this error, please visit: https://www.seleniumhq.org/exceptions/no_such_element.html
Build info: version: &apos;3.141.59&apos;, revision: &apos;e82be7d358&apos;, time: &apos;2018-11-14T08:17:03&apos;
System info: host: &apos;VAIO&apos;, ip: &apos;192.168.99.1&apos;, os.name: &apos;Windows 8.1&apos;, os.arch: &apos;amd64&apos;, os.version: &apos;6.3&apos;, java.version: &apos;1.8.0_251&apos;
Driver info: org.openqa.selenium.firefox.FirefoxDriver
Capabilities {acceptInsecureCerts: true, browserName: firefox, browserVersion: 76.0.1, javascriptEnabled: true, moz:accessibilityChecks: false, moz:buildID: 20200507114007, moz:geckodriverVersion: 0.26.0, moz:headless: false, moz:processID: 11352, moz:profile: C:\Windows\Temp\rust_mozpro..., moz:shutdownTimeout: 60000, moz:useNonSpecCompliantPointerOrigin: false, moz:webdriverClick: true, pageLoadStrategy: normal, platform: WINDOWS, platformName: WINDOWS, platformVersion: 6.3, rotatable: false, setWindowRect: true, strictFileInteractability: false, timeouts: {implicit: 0, pageLoad: 300000, script: 30000}, unhandledPromptBehavior: dismiss and notify}
Session ID: 2d6c2dfd-0f79-42ea-ab5e-397a37e94ffb
*** Element info: {Using=xpath, value=//label[contains(text(),&apos;Check / Money order &apos;)]}
	at org.openqa.selenium.remote.http.W3CHttpResponseCodec.createException(W3CHttpResponseCodec.java:187)
	at org.openqa.selenium.remote.http.W3CHttpResponseCodec.decode(W3CHttpResponseCodec.java:122)
	at org.openqa.selenium.remote.http.W3CHttpResponseCodec.decode(W3CHttpResponseCodec.java:49)
	at org.openqa.selenium.remote.HttpCommandExecutor.execute(HttpCommandExecutor.java:158)
	at org.openqa.selenium.remote.service.DriverCommandExecutor.execute(DriverCommandExecutor.java:83)
	at org.openqa.selenium.remote.RemoteWebDriver.execute(RemoteWebDriver.java:552)
	at org.openqa.selenium.remote.RemoteWebDriver.findElement(RemoteWebDriver.java:323)
	at org.openqa.selenium.remote.RemoteWebDriver.findElementByXPath(RemoteWebDriver.java:428)
	at org.openqa.selenium.By$ByXPath.findElement(By.java:353)
	at org.openqa.selenium.remote.RemoteWebDriver.findElement(RemoteWebDriver.java:315)
	at org.openqa.selenium.support.pagefactory.DefaultElementLocator.findElement(DefaultElementLocator.java:69)
	at org.openqa.selenium.support.pagefactory.internal.LocatingElementHandler.invoke(LocatingElementHandler.java:38)
	at com.sun.proxy.$Proxy13.isDisplayed(Unknown Source)
	at org.openqa.selenium.support.ui.ExpectedConditions.elementIfVisible(ExpectedConditions.java:314)
	at org.openqa.selenium.support.ui.ExpectedConditions.access$000(ExpectedConditions.java:43)
	at org.openqa.selenium.support.ui.ExpectedConditions$10.apply(ExpectedConditions.java:300)
	at org.openqa.selenium.support.ui.ExpectedConditions$10.apply(ExpectedConditions.java:297)
	at org.openqa.selenium.support.ui.FluentWait.until(FluentWait.java:249)
	... 31 more
... Removed 30 stack frames</div></td></tr></table><p class="totop"><a href="#summary">back to summary</a></p>
<h3 id="m3">com.test.automation.UiTest.RegistrationTest#CustomerRegistration</h3><table class="result"><tr class="param"><th>Parameter #1</th><th>Parameter #2</th><th>Parameter #3</th><th>Parameter #4</th></tr><tr class="param stripe"><td>Puja</td><td>Kumari </td><td>Jha</td><td>Test0001</td></tr><tr><th colspan="4">Messages</th></tr><tr><td colspan="4"><div class="messages"><a href='E:\git\LiveDemo\resources\screenshot\Home_Page_verification_22_07_2020_08_16_47.png'> <img src='E:\git\LiveDemo\resources\screenshot\Home_Page_verification_22_07_2020_08_16_47.png' height='100' width='100'/> </a><br/><a href='E:\git\LiveDemo\resources\screenshot\Registration_Completeion_22_07_2020_08_16_55.png'> <img src='E:\git\LiveDemo\resources\screenshot\Registration_Completeion_22_07_2020_08_16_55.png' height='100' width='100'/> </a><br/><a href='E:\git\LiveDemo\resources\screenshot\Registration_Completeion_message_22_07_2020_08_16_56.png'> <img src='E:\git\LiveDemo\resources\screenshot\Registration_Completeion_message_22_07_2020_08_16_56.png' height='100' width='100'/> </a></div></td></tr></table><p class="totop"><a href="#summary">back to summary</a></p>
</body>
</html>
